[0.599s] Invoking command in '/home/henrique/colcon_ws3/build/rviz2_marker_demo': CMAKE_PREFIX_PATH=${CMAKE_PREFIX_PATH}:/home/henrique/ros2_ws/install/temperature_system:/home/henrique/ros2_ws/install/temperature_monitor:/opt/ros/jazzy DEBUGINFOD_URLS=https://debuginfod.ubuntu.com /usr/bin/cmake --build /home/henrique/colcon_ws3/build/rviz2_marker_demo -- -j2 -l2
[1.727s] [ 50%] [32mBuilding CXX object CMakeFiles/rviz_node.dir/src/rviz_node.cpp.o[0m
[12.833s] [01m[K/home/henrique/colcon_ws3/src/rviz2_marker_demo/src/rviz_node.cpp:[m[K In member function â€˜[01m[Kvoid MarkerPublisherNode::[01;32m[Ktimer_callback[m[K()[m[Kâ€™:
[12.847s] [01m[K/home/henrique/colcon_ws3/src/rviz2_marker_demo/src/rviz_node.cpp:131:11:[m[K [01;31m[Kerror: [m[Kâ€˜[01m[Kusing geometry_msgs::msg::TransformStamped = struct geometry_msgs::msg::TransformStamped_<std::allocator<void> >[m[Kâ€™ {aka â€˜[01m[Kstruct geometry_msgs::msg::TransformStamped_<std::allocator<void> >[m[Kâ€™} has no member named â€˜[01m[Kscale[m[Kâ€™
[12.862s]   131 |         t.[01;31m[Kscale[m[K.x = objects[i].getscale();
[12.864s]       |           [01;31m[K^~~~~[m[K
[12.865s] [01m[K/home/henrique/colcon_ws3/src/rviz2_marker_demo/src/rviz_node.cpp:132:11:[m[K [01;31m[Kerror: [m[Kâ€˜[01m[Kusing geometry_msgs::msg::TransformStamped = struct geometry_msgs::msg::TransformStamped_<std::allocator<void> >[m[Kâ€™ {aka â€˜[01m[Kstruct geometry_msgs::msg::TransformStamped_<std::allocator<void> >[m[Kâ€™} has no member named â€˜[01m[Kscale[m[Kâ€™
[12.866s]   132 |         t.[01;31m[Kscale[m[K.y = objects[i].getscale();
[12.867s]       |           [01;31m[K^~~~~[m[K
[12.868s] [01m[K/home/henrique/colcon_ws3/src/rviz2_marker_demo/src/rviz_node.cpp:133:11:[m[K [01;31m[Kerror: [m[Kâ€˜[01m[Kusing geometry_msgs::msg::TransformStamped = struct geometry_msgs::msg::TransformStamped_<std::allocator<void> >[m[Kâ€™ {aka â€˜[01m[Kstruct geometry_msgs::msg::TransformStamped_<std::allocator<void> >[m[Kâ€™} has no member named â€˜[01m[Kscale[m[Kâ€™
[12.869s]   133 |         t.[01;31m[Kscale[m[K.z = objects[i].getscale();
[12.870s]       |           [01;31m[K^~~~~[m[K
[12.871s] [01m[K/home/henrique/colcon_ws3/src/rviz2_marker_demo/src/rviz_node.cpp:134:11:[m[K [01;31m[Kerror: [m[Kâ€˜[01m[Kusing geometry_msgs::msg::TransformStamped = struct geometry_msgs::msg::TransformStamped_<std::allocator<void> >[m[Kâ€™ {aka â€˜[01m[Kstruct geometry_msgs::msg::TransformStamped_<std::allocator<void> >[m[Kâ€™} has no member named â€˜[01m[Kcolor[m[Kâ€™
[12.872s]   134 |         t.[01;31m[Kcolor[m[K.a = 1.0; // Don't forget to set the alpha!
[12.875s]       |           [01;31m[K^~~~~[m[K
[12.876s] [01m[K/home/henrique/colcon_ws3/src/rviz2_marker_demo/src/rviz_node.cpp:135:11:[m[K [01;31m[Kerror: [m[Kâ€˜[01m[Kusing geometry_msgs::msg::TransformStamped = struct geometry_msgs::msg::TransformStamped_<std::allocator<void> >[m[Kâ€™ {aka â€˜[01m[Kstruct geometry_msgs::msg::TransformStamped_<std::allocator<void> >[m[Kâ€™} has no member named â€˜[01m[Kcolor[m[Kâ€™
[12.879s]   135 |         t.[01;31m[Kcolor[m[K.r = objects[i].getr();
[12.882s]       |           [01;31m[K^~~~~[m[K
[12.883s] [01m[K/home/henrique/colcon_ws3/src/rviz2_marker_demo/src/rviz_node.cpp:136:11:[m[K [01;31m[Kerror: [m[Kâ€˜[01m[Kusing geometry_msgs::msg::TransformStamped = struct geometry_msgs::msg::TransformStamped_<std::allocator<void> >[m[Kâ€™ {aka â€˜[01m[Kstruct geometry_msgs::msg::TransformStamped_<std::allocator<void> >[m[Kâ€™} has no member named â€˜[01m[Kcolor[m[Kâ€™
[12.884s]   136 |         t.[01;31m[Kcolor[m[K.g = objects[i].getg();
[12.885s]       |           [01;31m[K^~~~~[m[K
[12.890s] [01m[K/home/henrique/colcon_ws3/src/rviz2_marker_demo/src/rviz_node.cpp:137:11:[m[K [01;31m[Kerror: [m[Kâ€˜[01m[Kusing geometry_msgs::msg::TransformStamped = struct geometry_msgs::msg::TransformStamped_<std::allocator<void> >[m[Kâ€™ {aka â€˜[01m[Kstruct geometry_msgs::msg::TransformStamped_<std::allocator<void> >[m[Kâ€™} has no member named â€˜[01m[Kcolor[m[Kâ€™
[12.896s]   137 |         t.[01;31m[Kcolor[m[K.b = objects[i].getb();
[12.897s]       |           [01;31m[K^~~~~[m[K
[17.615s] gmake[2]: *** [CMakeFiles/rviz_node.dir/build.make:76: CMakeFiles/rviz_node.dir/src/rviz_node.cpp.o] Error 1
[17.620s] gmake[1]: *** [CMakeFiles/Makefile2:137: CMakeFiles/rviz_node.dir/all] Error 2
[17.624s] gmake: *** [Makefile:146: all] Error 2
[17.634s] Invoked command in '/home/henrique/colcon_ws3/build/rviz2_marker_demo' returned '2': CMAKE_PREFIX_PATH=${CMAKE_PREFIX_PATH}:/home/henrique/ros2_ws/install/temperature_system:/home/henrique/ros2_ws/install/temperature_monitor:/opt/ros/jazzy DEBUGINFOD_URLS=https://debuginfod.ubuntu.com /usr/bin/cmake --build /home/henrique/colcon_ws3/build/rviz2_marker_demo -- -j2 -l2
