[0.777s] Invoking command in '/home/henrique/colcon_ws3/build/rviz2_marker_demo': CMAKE_PREFIX_PATH=${CMAKE_PREFIX_PATH}:/home/henrique/ros2_ws/install/temperature_system:/home/henrique/ros2_ws/install/temperature_monitor:/opt/ros/jazzy DEBUGINFOD_URLS=https://debuginfod.ubuntu.com /usr/bin/cmake --build /home/henrique/colcon_ws3/build/rviz2_marker_demo -- -j2 -l2
[7.048s] [ 50%] [32mBuilding CXX object CMakeFiles/rviz_node.dir/src/rviz_node.cpp.o[0m
[34.593s] [01m[K/home/henrique/colcon_ws3/src/rviz2_marker_demo/src/rviz_node.cpp:8:10:[m[K [01;31m[Kfatal error: [m[Ktf2_ros/transform_broadcaster.h: No such file or directory
[34.594s]     8 | #include [01;31m[K"tf2_ros/transform_broadcaster.h"[m[K
[34.604s]       |          [01;31m[K^~~~~~~~~~~~~~~~~~~~~~~~~~~~~~~~~[m[K
[34.611s] compilation terminated.
[34.724s] gmake[2]: *** [CMakeFiles/rviz_node.dir/build.make:76: CMakeFiles/rviz_node.dir/src/rviz_node.cpp.o] Error 1
[34.730s] gmake[1]: *** [CMakeFiles/Makefile2:137: CMakeFiles/rviz_node.dir/all] Error 2
[34.736s] gmake: *** [Makefile:146: all] Error 2
[34.800s] Invoked command in '/home/henrique/colcon_ws3/build/rviz2_marker_demo' returned '2': CMAKE_PREFIX_PATH=${CMAKE_PREFIX_PATH}:/home/henrique/ros2_ws/install/temperature_system:/home/henrique/ros2_ws/install/temperature_monitor:/opt/ros/jazzy DEBUGINFOD_URLS=https://debuginfod.ubuntu.com /usr/bin/cmake --build /home/henrique/colcon_ws3/build/rviz2_marker_demo -- -j2 -l2
